RRRRRRRRRRRRRRRPRYRYPPPPPPPPPPPS
RRRRRRRYRRRYYYYLYYYYYYYLYYYLLLLS
RRRRRRRRRRRRRRRPRPRPPPPPPPPPPLLS
RRRRRRRRRRRRRRRPRRRRRRRPRRRPYLLS
RRRRRRRRRRRRRRRPRRRYRYYLRYYLYLLS
RRRRRRRRRRRRRRRPRYRYPPPPPPPPPPLS
RRRRRRRYRRRYRPRPPPPPPPPPPPPSSSSS
RRRRRRRYRRRYYYYLYYYYYYYLYYYLLLLS
RRRRRRRRRRRRRRRPRRRPRPPPPPPPPPSS
RRRRRRRRRRRRRRRPYYYYYYYLYYYLLLLS
RRRPRPRPPPPPPPPLSSSSSSSSSSSSSSSS
RRRRRRRYRYRYYYYPYYYYYYYPYPPPPPLS
RRRRRRRYRRRYRYYPYYYPYPYPPPPLLSSS
RRRRRRRYRRRYYYYPYYYPYYYPPPPPLLSS
RRRRRRRRRRRRRRRPRYRPPPPPPPPPPPPS
RRRYRYRYYPYPPPPLLLLLLSSSSSSSSSSS
RRRRRRRRRRRRRRRPRPRPPPPPPPPPLSSS
RYPPPPPPPPPPPPPPPPPPPPPPPPPPPPPS
RRRYRYRYYYYYYYYLYYYYYYYLYYYLLLLS
RRRRRRRRRRRRRRRPRYRYYYYPYPYPLLLS
RRRRRRRRRRRRRRRPYPYPPPPPPPPPPPLS
RRRRRRRRRRRRRRRPRRRYRYRPYPLLSSSS
RRRRRRRRRRRRRRRPRRRPRPRPPPPPPPSS
RRRRRRRYRRRYYYYPYYYYYYYLYYYLYLLS
RYYYYYYYYPYYYPYPYYYYYYYPSSSSSSSS
RRRYRYRPPPPPPPPPPPPPPPPPPPPPPPPS
RRRRRRRRRRRRRRRPRRRRRRRPRYYLYLLS
RRRRRRRRRRRRRRRPRRRYRYRPYYYPYLLS
RRRRRRRRRRRRRRRPRRRYRYRPYLLLLLLS
RRRRRRRPRRRPRRRPPPPPPPPPPPSSSSSS
RRRRRRRRRRRRRRRPRYPPLLLLLLLLLLSS
RRRRRRRYRYYYYPYPYPPPPLSSSSSSSSSS
RRRRRRRYRRRYRRRPYYYPYPPPPPPPPPPS
RRRRRRRRRRRRRRRPYYYYYYYLYLYLLSSS
RRRRRRRYRRRYRYYPYYYYYYYLYYYLLLSS
RRRPRRRPPPPPPPPPPPPPPPPPPPPPSSSS
RRRYRYYYYYYYYPYPYPYPPPPPPPPPPPLS
RRRPRPPPPPPPPPPPPPPPPPPPLLLLSSSS
RRRRRRRRRRRRRRRPRYPPPPPPPPPPPPPS
RRRRRRRRRRRRRRRPRRRRRRRPYYYLYLLS
RRRRRRRRRRRRRRRPYYYYYYYLYYYLLLLS
RPRPPPPPPPPPPPPPPPPPPPPPLLLLLSSS
RRRYRYRYYPPPPPPPPPPPPPPPPLSSSSSS
RYRYYYYPYYYPPPPPPPPPPPPPPLLSSSSS
RRRRRRRRRRRRRRRPRRRYRYPPPPLLLLSS
RYRYYPPPPPPPPPPPPPPPPPPPPPPLLLLS
RRRRRRRRRRRRRRRPRPRPPPPPPPPPLLSS
RRRYRRRPPPPPLLLLLLLLLLLLLSSSSSSS
RYYPPPPPPPPPPPPPPPPPPPPPPPLLSSSS
RYRYYPPPPPPPPPPPPPPPPPPPPPPPPPPS
