RRRRRRRRRRRRRRRPRRRPRPRPPPSSSSSS
RRRRRRRRRRRRRRRPRRRRRRRPRRRPPPSS
RRRRRRRRRRRRRRRPRRRRRRRPRYRPYPLS
RRRRRRRRRRRRRRRPYYYYYYYLYYYLLLLS
RRRRRRRRRRRRRRRPRYYPPPPPPPPPLLSS
RYYYYYYYYPYYYPYPYPYPPPPPPPPPPPPS
RRRRRRRYRYYYYLYLYYYYYYYLYYYLLLSS
RRRRRRRRRRRRRRRPRRRYRYYPYYYLLLLS
RRRRRRRYRRRYRYYLYYYLYYYLLLLLLLSS
RRRYYYYYYYYPYYYPYYYPYPPPPPPPPLSS
RRRRRRRYRRRPPPPPPPPPPPPPPPPPLSSS
RRRRRRRRRRRRRRRPRRRYRYYPYYYLLLSS
RRRRRRRRRRRRRRRPRYRPPPPPPPPPLLLS
RRRRRRRYRRRRRRRPYPPPPPPPPPPPPLLS
RRRRRRRYRRRYRYPPPPPPPPPPPPPPLLLS
RRRRRRRRRRRRRRRPRYPPPPPPPPPLLLSS
RRRRRRRYRYRYYYYPPPPPPLSSSSSSSSSS
RRRRRRRRRRRRRRRPPPPPPPPPPPPPSSSS
RRRYRYRYYYYPYPPPPPPPPPPPPPPPLLSS
RRRRRRRRRRRRRRRPRPPPPPPPLLLLLLLS
RRRRRRRYRRRYRYYLRRRYRYYLYYYLLLLS
RRRRRRRRRRRRRRRPRRRYRYYPYPPLSSSS
RRRRRRRRRRRRRRRPRRRPRRRPPPPPLSSS
RRRRRRRRRRRRRRRPYPPPLLLLLLLLSSSS
RRRRRRRYRRRYRRRPYYYYYYYPYLYLLSSS
RRRRRRRYPPPPPPPPPPPPPPPLLSSSSSSS
RRRRRRRYRPPPPPPPPPPPPPPLLLLLSSSS
RRRRRRRYRYYYYPYPPPPPPPPPPPLLSSSS
RRRRRRRRRRRRRRRPRRRRRRRPPLLLSSSS
RRRRRRRRRRRRRRRPRRRRRRRPRPPPPLSS
RRRRRRRRRRRRRRRPRRRPRPRPLLLLLSSS
RRRRRRRRRRRRRRRPPPPPPPPLSSSSSSSS
RRRYRYRYYYYPPPPPPPPPPPPPPPPPPPPS
RRRRRRRRRRRRRRRPRRRRRRRPRRRPYPLS
RRRYRRRYYYYYYYYPPPPPPPPPPPPPPPPS
RRRRRRRRRRRRRRRPRRRYRYRPYYYLYLLS
RRRRRRRYRRRYRYYLRYYYYLYLYYYLYLSS
RRRRRRRRRRRRRRRPRRRRRRRPRYPPSSSS
RRRYYYYYYYYPPPPPPPPPPPPPPPPPPSSS
RYRYPPPPPPPPPPPPPPPLLLLLLLLLLSSS
RRRRRRRRRRRRRRRPRRRYRYYPYYYLLLLS
RRRYRYRYYYYPYPYPPPPPPPPPPPSSSSSS
RRRRRRRRRRRRRRRPRRRPPPPPLLLSSSSS
RRRRRRRRRRRRRRRPRRRRRRRPYYYLYLLS
RRRRRRRRRRRRRRRPRPRPPPPPPPPLSSSS
RRRRRRRYRRRYYYYLYYYYYYYLYYYLLLLS
RRRRRRRYPPPPPPPPPPPPPPPPLLLSSSSS
RRRRRRRYRRRPPPPPPPPPPPPSSSSSSSSS
RRRRRRRRRRRRRRRPRRRRRRRPYYYLYLLS
RRRRRRRRRRRRRRRPYYYPYYYPPPPPPPPS
