SSSPSSPRLPRPSLYRYYYRSRPYPPSSYSSL
PLRPSLSYSLSLYYSSLSLLPYSRPPSLSSRP
SSLLLSPSLYRRPYRLSSRYLPSLYSLYPLYP
YPYRLLPRLPPLSPSSPSSSRSLPSSYSSRYP
LYYYLSLPSSLPPLPSRYSSLSPSSRPRRSPP
SYPPSSSSSSRSPRYSSLYYRYRSLLRRYSRP
LSLPSSRRLRPSPRRLYPLLSSPPRSSYPRRL
SYSLSYSLSRYYYLPPSSSLPLPYYSLRYSYL
SSPYSSPPLSSSLPLYSRYLSRPRLSPPSPRY
RSLPSLPYLRYPLSRLYLSLPPRPSPYRRLPR
PRRSLRYSLRSLSPYSRLSRPYSRPRSSRSPR
SSRPSSPLSRPPLRYRPSLLPPSPLYSPLPPS
SSLLYSSLSPYSLPSYLLSPSLSPSYPPLSSY
YLLSRRPRYSPPSSPPSRYYPSSSYRSPRPLP
SSRRPPSRPSPSLPSSRSPPPRLPSLSSYSSL
SSSSRYLPLSSSPPSYPSPPYRSPSRYLSYRP
SSLSLSPPPPPYLSRSPPYRYYSPSSSSSPSS
SPPRSPSSSLLPYPSLSSPPLYSRSSLRYYPP
SSSYPPPRLLSYSSSSSSYSSYRPSRSSYLLL
SLSRSSYPSRYPYSYRSYYPPYLSSPRYLPPL
YYYYYSPLRRSPYPRPSSSPPRSSSYSSSRYP
PRRSLPYSRPSPSLYYLSSSLPYYPRLSRPYY
YPSYRLYPSSSSSYYPSRYRRRRPRPRSPSYS
PPYYYYYSSSPPPSSRRPLSLPSYRSPPRSRP
RRSRPYSYSSSSPSPSYPSSSYYSLSYSRRPP
SLLYRPPPSSSLSRPRYPLSLYSSSSYPLLYL
RSYSPYYRSRYSSRSLPLPPYYSYLLLPPLLS
PYRYYLRYSPLLYPSSSLSPYLLPSLRYPPPL
YPPYYPLLLSSPRYSSYSYSYLPYLLSSYSPP
RPLPRSPSPRSRLRYYLRLLSRPRSRYPPSSS
SRYSSYSRYPLPSYYLPRRSRSLSSSSSSRPP
PYPYYSSPSSPRSRRSSLSSPRLYPLLSRPPL
LYSLSPPSPSPRSLPSPSPSPLSPSYRPYSSP
LPPPLYYSYSLSSLSPYRPPSLSSSLSLLLLS
PRSRSYSYLSSLPLLSSRSPSRPPLPPSYYRS
SLRSLPLRPPRSSRRSSPLSPRPYSLPYPSSS
LLLYLLPSSSSLPPSSRPSRSRLSPLSPPPPS
PLSPSSSLLSSPYYPPLSSSYSSRRSYRLYYP
SRSLSYPSLPPLRYSRSSYSPYLLRSPYSLYP
PSPPRYRPSSSSSSSPLSLRPPRPPRSSRRSP
PRYSYSPSYPSYPSLSPPRSSPSRRSSPRLSL
PPYLRRRYPRYYSRLPPSRSSRYPSSSSLSRP
YPYPRYYSYRSRLSSPSPYYPLLPRPPSSLSS
PPSSSPSLLPLPRYSSSYPPSSYRSSRLSYYY
RSPPSPSYSLYPPRLPSRPPPYRLLRYLYLSS
YLYSSRYLSSSYYSRPYPRYYSRRPYPSYSPP
LSSPLPPSLPSPLPSYYPLSSLYLLSSSSLSP
SRRPSYLPRYRPSSYPRRPPYPSLLLPSSSYP
RYPPLSSSSYYYSRYPRLRSSLSLSRPSRLPY
SLSLSRYPSSYSYSRPSSSLSSSYPYPRSYSL
