RRRRRRRRRRRRRRRPRPRPPPPSSSSSSSSS
RRRRRRRPRRRPRPRPPPPPSSSSSSSSSSSS
RRRRRRRRRRRRRRRPRRRPRSRSSSSSSSSS
RRRRRRRRRRRRRRRPRRRRRRRPPPPPPPPS
RRRRRRRRRRRRRRRPRPRPPPPPPSSSSSSS
RRRRRRRRRRRRRRRPRRRPRPRPPPPPPSSS
RRRRRRRRRRRRRRRPRRRRRRRPRRRPPPPS
RPRPPPPPPPPPPPPPPPPSSSSSSSSSSSSS
RRRRRRRRRRRRRRRPRRRPRPRPPPPPPPSS
RRRRRRRRRRRRRRRPRRRPPPPPPSSSSSSS
RRRRRRRRRRRRRRRPRPRPSSSSSSSSSSSS
RRRRRRRPRRRPRPPPPPPPPPPPPSSSSSSS
RRRRRRRPRRRPRPRPPPPPPPPPPPSSSSSS
RRRRRRRRRRRRRRRPRRRRRRRPRPRSSSSS
RRRRRRRRRRRRRRRPRRRRRRRPRRRPRPPS
RRRRRRRRRRRRRRRPRPRPPPPPPSSSSSSS
RRRRRRRRRRRRRRRPRRRPRSSSSSSSSSSS
RRRRRRRRRRRRRRRPRRRRRRRPRPRSSSSS
RRRRRRRRRRRRRRRPRRRRRRRPRPPPPPPS
RRRRRRRRRRRRRRRPRRRRRRRPRPPPPSSS
RRRPRPRPPPPPPPPPSSSSSSSSSSSSSSSS
RRRRRRRRRRRRRRRPRRRRRRRPPPPSSSSS
RRRRRRRPRPRPPPPPPSSSSSSSSSSSSSSS
RRRRRRRRRRRRRRRPRRRRRRRPPPPPPPSS
RRRRRRRPRRRPRPPPPPPSSSSSSSSSSSSS
RRRRRRRRRRRRRRRPRRRPPPPSSSSSSSSS
RRRRRRRPRRRPPPPPPPSSSSSSSSSSSSSS
RRRPPPPPPPPPPSSSSSSSSSSSSSSSSSSS
RRRRRRRRRRRRRRRPRPRPSSSSSSSSSSSS
RRRRRRRRRRRRRRRPRRRPRRRPPSSSSSSS
RRRPRPRPPPPSSSSSSSSSSSSSSSSSSSSS
RRRRRRRRRRRRRRRPRRRRRRRPSSSSSSSS
RRRRRRRRRRRRRRRPRPRPPSSSSSSSSSSS
RRRRRRRPRRRRRRRPPPPPPPPSSSSSSSSS
RPPPPPPPPPPPPPPPPPPPPPPPPPPPPPPS
RRRRRRRRRRRRRRRPRRRRRRRPRPRPPPSS
RRRPRSRSSSSSSSSSSSSSSSSSSSSSSSSS
RPRPPPPPPPPSSSSSSSSSSSSSSSSSSSSS
RRRRRRRRRRRRRRRPRPRPPPSSSSSSSSSS
RRRRRRRRRRRRRRRPRRRRRRRPRPPPPPSS
RRRRRRRRRRRRRRRPPPPPPPPPPPPPPSSS
RRRRRRRPPPPPPPPPPPPPPSSSSSSSSSSS
RRRRRRRRRRRRRRRPRRRPRPRPPPPPPPPS
RRRRRRRPRRRPRPPPPPPPPPPPPPSSSSSS
RRRRRRRRRRRRRRRPRRRPRPRSSSSSSSSS
RRRRRRRRRRRRRRRPRRRRRRRPRPSSSSSS
RRRRRRRPRRRPSSSSSSSSSSSSSSSSSSSS
RRRRRRRRRRRRRRRPRRRRRRRPRPPPPSSS
RPPPPPSSSSSSSSSSSSSSSSSSSSSSSSSS
RRRRRRRRRRRRRRRPRRRRRRRPSSSSSSSS
