RRRRRRRRRRRRRRRPRRRPRPRSSSSSSSSS
RPPPPPPPPPPPPPSSSSSSSSSSSSSSSSSS
RRRRRRRRRRRRRRRPRRRRRRRPRRRPPPSS
RRRPPPPSSSSSSSSSSSSSSSSSSSSSSSSS
RRRRRRRRRRRRRRRPRRRRRRRPRPRPPSSS
RRRPRRRPPPPPPSSSSSSSSSSSSSSSSSSS
RRRRRRRRRRRRRRRPRRRRRRRPRRRPPSSS
RRRRRRRRRRRRRRRPRPPPPPPPPPSSSSSS
RRRRRRRRRRRRRRRPRPPPPPPPSSSSSSSS
RRRRRRRRRRRRRRRPRRRPRRRPPPPPPSSS
RPPPPPPPPPPPPPPPPPSSSSSSSSSSSSSS
RRRPPPPPSSSSSSSSSSSSSSSSSSSSSSSS
RRRRRRRPRSSSSSSSSSSSSSSSSSSSSSSS
RRRRRRRRRRRRRRRPRRRPRPPPPPPPPSSS
RRRRRRRRRRRRRRRPRRRRRRRPRRRPRPSS
RRRRRRRPRPRPPPPPPPPPPPSSSSSSSSSS
RRRRRRRPRRRSRSSSSSSSSSSSSSSSSSSS
RRRRRRRPRRRPRPPPPPPPPPPPPPPPPPSS
RRRPPPPPPPPPPPPSSSSSSSSSSSSSSSSS
RRRRRRRRRRRRRRRPRRRRRRRPRPRPSSSS
RRRRRRRPRRRPPPPPPPPPPPPPPPPPSSSS
RRRRRRRRRRRRRRRPRPRPPPSSSSSSSSSS
RRRRRRRRRRRRRRRPRRRPRPSSSSSSSSSS
RRRRRRRPRRRPRPRPPPPPPPPPPPPPPPPS
RRRRRRRRRRRRRRRPRPRPPPPPPPPPPPSS
RRRRRRRRRRRRRRRPRRRRRRRPRPSSSSSS
RRRRRRRPRRRRRRRPPPPPPPPPPPPPSSSS
RRRRRRRRRRRRRRRPRRRPRRRPPPPPPPPS
RRRRRRRPRRRPRPPPPPPPPPPPPPSSSSSS
RRRRRRRPRRRRRRRPPPPPPSSSSSSSSSSS
RRRRRRRRRRRRRRRPRPPPPSSSSSSSSSSS
RRRRRRRRRRRRRRRPRRRPRPRPPSSSSSSS
RRRRRRRPRPRPPPPPSSSSSSSSSSSSSSSS
RRRRRRRRRRRRRRRPRRRPRPSSSSSSSSSS
RRRRRRRRRRRRRRRPPPPPPPPPPPPPPSSS
RRRPRPRPPPPPPPPPPPPPPPPPPPPSSSSS
RRRPRPRPPPPPPPPPPPPPPPSSSSSSSSSS
RRRRRRRPRRRPPPPPPPPPPPPPPPPPPPPS
RRRRRRRRRRRRRRRPRPPPPPPPPPPPPSSS
RRRRRRRRRRRRRRRPRRRPRPSSSSSSSSSS
RRRRRRRRRRRRRRRPSSSSSSSSSSSSSSSS
RRRRRRRPRRRPRPPPPPPPPPPPPPPPPPPS
RRRRRRRRRRRRRRRPRRRPRPPPSSSSSSSS
RRRRRRRRRRRRRRRPRPPPSSSSSSSSSSSS
RRRRRRRRRRRRRRRPRRRPRRRPPPPSSSSS
RRRRRRRRRRRRRRRPRRRPRSRSSSSSSSSS
RRRRRRRRRRRRRRRPPPPPSSSSSSSSSSSS
RPRPPPPPPPPPPPPPPPPPPPSSSSSSSSSS
RRRRRRRPRRRPRRRPSSSSSSSSSSSSSSSS
RRRRRRRRRRRRRRRPRRRPRPRPPPPPPSSS
