SSSSRRPRRRPRRRPRRRPRRRPRRRPRSSRP
RRPRRRPRRRPRRRPRRRPRRRPRRRPRPSRP
RRPRRRPRRRPRRRPRRRPRRRPRSRRPSSSS
RRPRRRPRRRPRRRPRRRPRRPRRPPPPPPPS
RRPRRRPRRRPRRRPRPPRPSSPPPPPPPPPP
RRPRRRPRRRPRRRPRRRPRRRPRRRPRPSRP
SSSSSSSSRRPRRRPRRRPRPRRPSSPPPPPP
SSSSSSSSPRRPSSSSPPPPPPPPPPPPPPPS
SSSSSSSSSSSSPRRPSSPPPPPPPPPPPPPP
SSSSSSSSSSSSSSSSRRPRRPRRSSPPPPPS
RRPRRRPRRRPRRRPRRRPRPRRPSSSSPPPS
RRPRRRPRRRPRRRPRPPRPSSSSPPPPPPPS
SSSSSSSSSSSSSSSSSSSSPRRPSSSSPPPP
RRPRRRPRRRPRRRPRRRPRPPRPSSSSPPPS
RRPRRRPRRRPRRRPRRRPRRRPRSRRPSSSS
SSSSSSSSSSSSRRPRPRRPSSPPPPPPPPPP
SSSSSSSSSSSSSSSSRPRRSSSSPPPPPPPS
SSSSSSSSSSSSRRPRRRPRRRPRRPRRSSSS
RRPRPRRPSSPPPPPPPPPPPPPPPPPPPPPS
SSSSPPRPSSSSPPPPPPPPPPPPPPPPPPPS
RRPRRRPRRRPRRRPRRRPRRRPRRPRRSSPP
RRPRRRPRRRPRRRPRRRPRRPRRSSSSPPPS
SSSSSSSSSSSSSSSSSSSSRRPRPRRPSSPS
SSSSSSSSSSSSSSSSRRPRRRPRPRRPSSPP
PPRPSSPPPPPPPPPPPPPPPPPPPPPPPPPS
SSSSRRPRRRPRRRPRRRPRPRRPSSPPPPPS
SSSSSSSSSSSSRRPRRRPRRRPRPPRPSSPP
SSSSSSSSSSSSSSSSRPRRSSPPPPPPPPPS
RRPRRRPRRRPRRRPRRRPRRRPRPSRPSSSS
SSSSRRPRRRPRRRPRPRRPSSSSPPPPPPPP
RRPRRRPRRRPRRRPRPPRPSSPPPPPPPPPS
SSSSSSSSSSSSSSSSRRPRRPRRSSSSPPPS
RRPRRRPRRRPRRRPRRRPRPRRPSSSSPPPP
SSSSSSSSRRPRPPRPSSPPPPPPPPPPPPPP
RRPRRRPRRRPRRRPRRRPRRRPRPPRPPPPS
RRPRRRPRPRRPSSSSPPPPPPPPPPPPPPPS
RRPRRRPRRRPRRRPRRRPRPRRPSSPPPPPS
SSSSSSSSRRPRRRPRRRPRRRPRPRRPSSPS
SSSSRRPRRRPRRRPRRRPRRPRRSSPPPPPP
RRPRRRPRRRPRRRPRRRPRRRPRPPRPSSPP
SSSSRRPRRRPRRRPRPRRPSSSSPPPPPPPP
SSSSSSSSSSSSRRPRRRPRPPRPSSSSPPPS
SSSSSSSSPRRPSSSSPPPPPPPPPPPPPPPS
SSSSSSSSRRPRRRPRRRPRRRPRRPRRSSPP
SSSSRRPRRRPRRRPRRRPRPRRPSSSSPPPS
SSSSSSSSSSSSSSSSRRPRPRRPSSPPPPPP
SSSSSSSSSSSSSSSSRRPRRRPRPRRPSSSS
SSSSRRPRRRPRRRPRRRPRRPRRSSSSPPPS
RRPRRRPRRRPRRRPRRPRRSSPPPPPPPPPP
SSSSSSSSSSSSRRPRRRPRRRPRRPRRSSSS
