RRPRRRPRSRRPSSSSSSSSSSSSSSSSSSPP
RRPRRRPRRRPRRRPRRRPRRRPRRPRRSSPS
RRPRRRPRRRPRRRPRRPRRPPPPPPPPPPPS
RRPRRRPRRRPRRRPRSPRPSSSSSSSSSSPP
RRPRRRPRSRRPSSPPPPPPPPPPPPPPPPPP
SRRPSSSSSSSSSSSSSSSSSSSSPPPPPPPP
RRPRRRPRRRPRRRPRRRPRRRPRRPRRSSPS
RRPRRRPRRRPRRRPRRRPRRPRRSSSSSSPS
RRPRRPRRSSSSSSSSSSSSSSPPPPPPPPPP
RRPRRRPRRRPRRRPRRPRRSSSSSSSSPPPS
RPRRSSPPPPPPPPPPPPPPPPPPPPPPPPPP
RRPRRRPRRRPRRRPRRRPRRRPRRPRRSSPS
RRPRRRPRSRRPSSSSSSSSSSSSSSSSSSPS
RRPRRRPRRRPRRRPRSPRPSSSSSSSSSSSS
RRPRRRPRRRPRRRPRRRPRRRPRSRRPSSPP
RRPRRRPRRRPRRRPRRPRRSSPPPPPPPPPP
RRPRRRPRRRPRSRRPSSSSSSSSSSSSSSSS
RPRRSSSSSSPPPPPPPPPPPPPPPPPPPPPP
RRPRRRPRRRPRRRPRRPRRPPPPPPPPPPPS
RRPRRRPRRRPRRRPRRRPRRRPRRRPRSPRP
RRPRRPRRSSSSSSSSSSSSSSSSSSPPPPPS
RRPRSRRPSSSSSSPPPPPPPPPPPPPPPPPS
SPRPSSSSSSSSSSSSSSSSSSSSPPPPPPPS
RRPRRRPRRRPRRRPRRRPRRPRRSSSSPPPP
RRPRRRPRRRPRRRPRRPRRSSSSSSSSSSPP
RRPRSRRPSSSSSSSSSSSSSSSSSSSSPPPP
RRPRRRPRRRPRRRPRSRRPSSSSSSSSPPPS
RRPRSRRPSSSSSSSSSSSSSSPPPPPPPPPP
RRPRRRPRRRPRRRPRSPRPSSSSSSSSPPPS
RRPRRRPRRRPRRRPRRRPRRRPRSRRPPPPS
RRPRRPRRSSSSSSSSSSSSSSSSPPPPPPPS
RRPRSPRPSSSSSSSSPPPPPPPPPPPPPPPP
RPRRSSSSSSSSSSSSSSSSSSSSSSPPPPPP
RRPRRRPRRRPRRRPRRRPRSRRPSSPPPPPP
RRPRRRPRSPRPSSSSSSSSSSSSSSSSPPPP
RPRRSSPPPPPPPPPPPPPPPPPPPPPPPPPS
RRPRSRRPSSSSSSPPPPPPPPPPPPPPPPPS
RRPRRRPRPRRPPPPPPPPPPPPPPPPPPPPS
RRPRRRPRRRPRRRPRRRPRSPRPSSSSSSPP
RPRRSSSSPPPPPPPPPPPPPPPPPPPPPPPP
RRPRRRPRRRPRRRPRSPRPSSSSSSSSPPPS
RRPRRRPRRRPRRRPRRRPRRRPRSPRPSSPP
RRPRRRPRRRPRSRRPSSSSSSPPPPPPPPPP
SRRPSSSSSSSSSSPPPPPPPPPPPPPPPPPS
SPRPSSSSSSSSSSSSSSSSSSSSSSPPPPPP
RRPRRRPRRRPRRPRRSSSSSSSSPPPPPPPS
SPRPSSSSSSPPPPPPPPPPPPPPPPPPPPPP
RRPRRPRRSSSSPPPPPPPPPPPPPPPPPPPP
RRPRRRPRRRPRRRPRRRPRRRPRSPRPSSPS
SRRPSSSSPPPPPPPPPPPPPPPPPPPPPPPS
