RRRPRRRPRRRPRRRPRRRPRRRPPRSSSSSS
RRRPRRRPRRRPRRRPRRRPRRRPRRRPPRPS
RRRPRRRPRRRPRRRPRRRPRRRPSRPRSSSS
RRRPRRRPRRRPRRRPRRRPRRRPPPPPPPPS
RRRPRRRPRRRPRRRPPRPPPPPPPPPPPPSS
RRRPRRRPRRRPRRRPRRRPRRRPRRRPPRPS
RRRPRRRPRRRPPRPRPPPPPPSSSSSSSSSS
PRPRPPPPPPPPPPPPPPPSSSSSSSSSSSSS
PRPRPPPPPPPPPPPPPPSSSSSSSSSSSSSS
RRRPRRRPPPPPPSSSSSSSSSSSSSSSSSSS
RRRPRRRPRRRPRRRPRRRPPRPRPPPSSSSS
RRRPRRRPRRRPRRRPPRPPPPPPPPPSSSSS
PRPRPPPPSSSSSSSSSSSSSSSSSSSSSSSS
RRRPRRRPRRRPRRRPRRRPPRPPPPPSSSSS
RRRPRRRPRRRPRRRPRRRPRRRPSRPRSSSS
RRRPPRPRPPPPPPPPPPSSSSSSSSSSSSSS
RRRPPPPPPPPSSSSSSSSSSSSSSSSSSSSS
RRRPRRRPRRRPRRRPSSSSSSSSSSSSSSSS
RRRPPRPRPPPPPPPPPPPPPPPPPPPPPSSS
PRPPPPPPPPPPPPPPPPPPPPPSSSSSSSSS
RRRPRRRPRRRPRRRPRRRPRRRPRRRPPPSS
RRRPRRRPRRRPRRRPRRRPRRRPPPPSSSSS
RRRPPRPRPSSSSSSSSSSSSSSSSSSSSSSS
RRRPRRRPPRPRPPSSSSSSSSSSSSSSSSSS
PRPPPPPPPPPPPPPPPPPPPPPPPPPPPSSS
RRRPRRRPRRRPRRRPPRPRPPPPPSSSSSSS
RRRPRRRPRRRPPRPPPPSSSSSSSSSSSSSS
RRRPPPPPPPPPPSSSSSSSSSSSSSSSSSSS
RRRPRRRPRRRPRRRPRRRPRRRPPRPSSSSS
RRRPRRRPRRRPPRPRPPPPPPPPSSSSSSSS
RRRPRRRPRRRPRRRPPRPPPPPPPPPPPSSS
RRRPRRRPPPPSSSSSSSSSSSSSSSSSSSSS
RRRPRRRPRRRPRRRPRRRPPRPRPPPPSSSS
RRRPPRPPPPPPPPPPPPPPPPSSSSSSSSSS
RRRPRRRPRRRPRRRPRRRPRRRPPRPPPPPS
RRRPRRRPPRPRPPPPPPPPPPPPPPPSSSSS
RRRPRRRPRRRPRRRPRRRPPRPRPPPPPSSS
RRRPRRRPRRRPRRRPPRPRPSSSSSSSSSSS
RRRPRRRPRRRPRRRPRRRPPPPPPPSSSSSS
RRRPRRRPRRRPRRRPRRRPRRRPPRPPPPSS
RRRPRRRPRRRPPRPRPPPPPPPPSSSSSSSS
RRRPRRRPPRPPPPPSSSSSSSSSSSSSSSSS
PRPRPPPPPPPPPPPPPPPSSSSSSSSSSSSS
RRRPRRRPRRRPRRRPRRRPPPSSSSSSSSSS
RRRPRRRPRRRPRRRPPRPRPPPSSSSSSSSS
RRRPPRPRPPPPPPSSSSSSSSSSSSSSSSSS
RRRPRRRPPRPRSSSSSSSSSSSSSSSSSSSS
RRRPRRRPRRRPRRRPRRRPPPPSSSSSSSSS
RRRPRRRPRRRPRRRPRRRPPPPPPPPPPPSS
RRRPRRRPRRRPRRRPSSSSSSSSSSSSSSSS
