RRRPRRRPPRPRPSSSSSSSSSSSSSSSSSSS
RRRPRRRPRRRPRRRPRRRPRRRPRRRPPSSS
RRRPRRRPRRRPRRRPRRRPPPPPPPPPPPPS
RRRPRRRPRRRPRRRPPRPPPSSSSSSSSSSS
RRRPRRRPPRPRPPPPPPPPPPPPPPPPPSSS
PRPRPPPPPPPSSSSSSSSSSSSSSSSSSSSS
RRRPRRRPRRRPRRRPRRRPRRRPRRRPPSSS
RRRPRRRPRRRPRRRPRRRPRRRPPSSSSSSS
RRRPRRRPPPPPPPPPPPSSSSSSSSSSSSSS
RRRPRRRPRRRPRRRPRRRPPPPSSSSSSSSS
RRRPPPPPPPPPPPPPPPPPPPPPPPPPPPSS
RRRPRRRPRRRPRRRPRRRPRRRPRRRPPSSS
RRRPRRRPPRPRSSSSSSSSSSSSSSSSSSSS
RRRPRRRPRRRPRRRPPRPSSSSSSSSSSSSS
RRRPRRRPRRRPRRRPRRRPRRRPPRPRPSSS
RRRPRRRPRRRPRRRPRRRPPPPPPPPPPPSS
RRRPRRRPRRRPSRPRSSSSSSSSSSSSSSSS
RRRPPPPPPPPPPPPPPPPPPPPPPPSSSSSS
RRRPRRRPRRRPRRRPRRRPPPPPPPPPPPPS
RRRPRRRPRRRPRRRPRRRPRRRPRRRPPRPS
RRRPRRRPPPPPPSSSSSSSSSSSSSSSSSSS
RRRPPRPRPPPPPPPPPPPPPPPPSSSSSSSS
PRPPPPPPPPSSSSSSSSSSSSSSSSSSSSSS
RRRPRRRPRRRPRRRPRRRPRRRPPPPPSSSS
RRRPRRRPRRRPRRRPRRRPPPSSSSSSSSSS
RRRPPRPRPPPSSSSSSSSSSSSSSSSSSSSS
RRRPRRRPRRRPRRRPPRPRPPSSSSSSSSSS
RRRPPRPRPPPPPPPPPSSSSSSSSSSSSSSS
RRRPRRRPRRRPRRRPPRPPPPSSSSSSSSSS
RRRPRRRPRRRPRRRPRRRPRRRPPRPRPPSS
RRRPRRRPPPPPPPPSSSSSSSSSSSSSSSSS
RRRPPRPPPPPPPPPPPPPPPPPSSSSSSSSS
RRRPPPPPPPSSSSSSSSSSSSSSSSSSSSSS
RRRPRRRPRRRPRRRPRRRPPRPRPPPPPSSS
RRRPRRRPPRPPPPPSSSSSSSSSSSSSSSSS
RRRPPPPPPPPPPPPPPPPPPPPPPPPPPSSS
RRRPPRPRPPPPPPPPPPPPPPPPSSSSSSSS
RRRPRRRPPRPRPPPPPPPPPPPPPPPPPPPS
RRRPRRRPRRRPRRRPRRRPPRPPPSSSSSSS
RRRPPPPPPPPPPPPPPPPPPPPPPPPPSSSS
RRRPRRRPRRRPRRRPPRPPPPSSSSSSSSSS
RRRPRRRPRRRPRRRPRRRPRRRPPRPPPSSS
RRRPRRRPRRRPPRPRPPPPPPPPPSSSSSSS
PRPRPPPPPPPPPPPPPPPPSSSSSSSSSSSS
PRPPPPPPPSSSSSSSSSSSSSSSSSSSSSSS
RRRPRRRPRRRPRRRPPPPPPPPSSSSSSSSS
PRPPPPPPPPPPPPPPPPPPPPPPPSSSSSSS
RRRPRRRPPPPPPPPPPPPPPPPPPPPPSSSS
RRRPRRRPRRRPRRRPRRRPRRRPPRPPSSSS
PRPRPPPPPPPPPPPPPPPPPPPPPPSSSSSS
