247 222 220 134 194 10 
21 216 208 114 235 62 
137 68 32 203 65 84 
182 109 135 228 58 34 
23 102 52 159 15 227 
71 191 106 131 205 94 
133 100 5 195 4 112 
49 180 166 113 77 150 
98 61 97 130 152 154 
17 122 206 144 158 184 
14 218 59 147 39 210 
148 89 196 22 56 66 
127 149 124 128 200 174 
120 78 24 11 43 169 
107 138 70 118 44 105 
209 25 35 74 129 30 
186 111 96 42 151 60 
91 79 232 19 193 231 
223 54 45 178 27 95 
103 201 157 170 3 57 
213 9 239 90 202 63 
204 242 142 183 156 7 
53 153 116 92 123 88 
237 101 99 37 41 171 
143 246 240 164 80 51 
172 69 13 168 50 28 
192 73 229 221 189 64 
16 211 81 185 2 85 
1 233 177 26 163 20 
212 121 198 104 36 145 
219 234 132 241 18 47 
176 108 46 140 76 215 
243 244 126 12 75 72 
175 226 224 230 29 31 
197 125 236 199 0 87 
188 8 167 160 187 6 
179 155 136 146 110 33 
119 217 225 162 173 238 
139 161 83 214 48 38 
86 190 207 214 48 38 
141 117 115 82 165 40 
55 67 181 82 165 40 
