96 1289
32 1269
325 1253
299 1249
78 1229
111 1214
293 1207
435 1207
47 1204
104 1204
9 1181
212 1175
254 1175
122 1174
208 1173
403 1165
397 1164
128 1148
268 1148
386 1147
295 1146
230 1143
64 1140
280 1139
339 1132
13 1127
166 1127
46 1126
44 1123
436 1123
145 1122
276 1122
162 1118
217 1118
329 1118
31 1111
10 1108
142 1108
296 1107
447 1107
458 1107
3 1101
457 1101
356 1095
200 1094
312 1094
411 1094
23 1093
331 1093
392 1090
139 1089
350 1085
228 1082
454 1082
98 1080
292 1080
189 1078
429 1077
219 1076
156 1075
169 1075
316 1073
446 1071
364 1069
450 1067
5 1065
168 1065
250 1064
395 1064
71 1063
152 1063
306 1063
43 1060
180 1058
35 1057
54 1057
97 1057
116 1056
368 1055
93 1050
114 1048
211 1048
377 1047
391 1045
283 1043
297 1041
422 1041
15 1040
445 1040
160 1038
65 1036
262 1030
376 1028
57 1026
244 1025
123 1024
186 1024
6 1022
2 1021
191 1020
327 1020
92 1019
155 1018
178 1017
353 1017
370 1017
381 1017
409 1017
165 1012
270 1012
159 1010
338 1009
344 1009
423 1009
136 1008
253 1007
66 1005
34 1004
201 1004
221 1004
448 1004
355 1002
56 1001
233 1000
21 999
320 999
258 998
290 992
383 992
277 991
149 990
398 990
194 989
225 984
399 984
52 983
187 982
8 981
218 981
437 981
67 980
284 980
148 977
427 976
206 975
85 974
434 974
279 972
294 970
341 970
223 966
352 966
37 963
453 962
387 960
158 959
261 959
239 958
12 956
238 955
455 955
287 952
224 951
330 951
171 950
345 949
40 948
288 948
109 943
334 943
402 943
70 942
384 942
265 937
405 934
188 932
99 931
103 927
237 925
417 924
234 922
298 922
362 922
451 919
90 918
185 918
441 918
29 917
236 917
121 914
135 913
147 912
91 911
335 910
301 908
440 907
302 906
184 904
400 903
112 902
150 901
249 901
181 897
175 895
404 895
416 894
210 893
22 892
247 892
310 891
326 891
336 890
82 887
58 886
414 884
337 882
205 881
346 881
349 881
424 881
425 881
19 880
94 880
269 880
177 879
259 879
30 877
83 877
129 877
432 876
176 875
322 874
285 873
240 872
263 871
319 871
118 870
126 870
273 868
361 867
324 865
390 864
50 863
248 862
442 862
443 860
45 859
161 859
257 858
413 858
130 857
311 857
214 855
394 855
11 854
60 854
305 854
318 854
378 853
266 851
207 850
382 848
28 847
418 847
73 845
202 845
113 841
84 840
124 840
80 839
100 839
379 839
242 838
183 836
289 834
303 832
308 832
76 830
88 829
146 829
360 829
216 826
300 826
396 825
343 824
449 824
371 823
17 822
125 822
195 822
393 822
138 821
108 820
132 819
174 819
153 817
281 817
307 816
131 815
313 814
373 814
317 812
192 811
439 810
33 809
246 809
55 802
36 801
144 800
374 800
197 799
213 797
199 792
61 791
328 791
232 790
426 790
375 789
7 787
63 786
170 784
79 783
179 782
271 782
120 777
255 776
26 772
235 772
105 768
117 768
369 768
59 767
412 767
251 766
407 766
1 765
428 765
278 763
14 762
39 761
51 758
389 757
252 756
102 754
260 754
137 753
243 753
231 751
366 751
24 750
342 745
357 745
444 744
75 739
365 738
68 737
182 736
227 736
222 735
267 735
25 734
72 734
438 734
380 732
420 732
42 731
321 728
0 727
89 727
421 727
87 724
347 724
69 723
115 723
172 723
204 722
256 721
74 719
367 716
173 713
274 713
49 712
167 712
106 708
220 708
245 708
196 707
77 706
154 705
164 702
151 701
433 701
351 700
410 700
190 698
264 698
282 697
4 695
272 695
215 693
16 692
27 692
48 690
430 687
226 686
198 685
163 679
332 678
333 674
388 674
38 673
359 672
406 672
241 669
286 669
18 664
358 663
110 661
354 661
134 660
140 660
385 659
372 657
119 655
86 652
275 648
143 645
133 643
431 641
141 640
401 637
127 635
157 624
62 619
229 618
452 616
193 614
20 611
209 610
309 609
101 605
304 605
415 600
95 598
107 594
291 592
314 589
456 586
348 576
419 576
53 575
340 575
323 572
41 571
408 569
315 565
363 558
203 537
81 535
