71 1156
13 1155
48 1151
73 1147
110 1146
27 1142
24 1139
62 1134
28 1122
64 1114
103 1112
23 1101
31 1099
56 1097
87 1096
97 1096
45 1094
81 1085
61 1076
109 1075
4 1072
52 1072
11 1071
34 1069
32 1051
44 1049
78 1048
100 1047
29 1046
67 1031
65 1029
86 1028
95 1028
25 1019
35 1015
1 1013
76 1001
50 1000
79 997
9 989
58 975
26 968
83 967
90 963
18 960
16 958
89 952
102 948
91 945
17 938
66 930
19 926
37 921
63 920
36 910
7 908
3 905
12 897
38 892
5 883
108 876
2 874
107 869
54 868
33 858
104 858
41 848
92 833
77 830
39 827
82 816
6 812
88 812
47 808
93 807
99 807
60 806
40 802
53 801
74 801
20 799
51 799
80 799
10 796
69 792
105 790
72 781
70 775
57 774
8 772
15 771
75 768
43 750
98 748
111 748
85 747
30 740
94 728
0 719
21 719
96 719
84 706
101 706
42 697
14 694
49 692
59 687
22 682
68 680
46 671
55 654
106 626
