8 1182
49 1182
76 1179
63 1138
13 1132
86 1131
23 1130
18 1126
12 1125
89 1125
55 1123
17 1122
3 1116
35 1112
83 1109
66 1105
74 1105
30 1104
26 1099
56 1098
32 1096
77 1095
48 1093
41 1091
9 1086
25 1084
82 1081
45 1079
28 1078
68 1075
78 1072
24 1071
38 1064
69 1061
46 1060
44 1058
71 1054
60 1049
29 1046
39 1045
34 1044
85 1020
42 1018
4 1017
19 999
47 999
72 992
10 975
87 968
62 967
37 964
67 964
65 963
5 959
36 958
88 945
33 941
11 936
14 927
27 922
15 913
7 912
6 911
81 910
22 905
31 892
57 891
43 880
52 880
80 877
73 876
59 873
70 873
84 868
79 867
58 865
54 862
61 854
2 853
50 852
20 836
1 832
40 832
53 829
16 802
51 790
75 776
64 773
0 740
21 727
